2025-05-31 17:52:53,820 ERROR cssutils Property: Invalid value for "CSS Level 2.1" property: var(--gray-900) [14:3: color]
2025-05-31 17:52:53,896 WARNING cssutils Property: Unknown Property name. [64:2: word-wrap]
2025-05-31 17:52:53,902 WARNING cssutils Property: Unknown Property name. [83:2: columns]
2025-05-31 17:52:53,903 WARNING cssutils Property: Unknown Property name. [90:2: background-size]
2025-05-31 17:52:53,907 WARNING cssutils Property: Unknown Property name. [98:2: object-fit]
2025-05-31 17:52:53,910 ERROR cssutils Invalid token: ('INVALID', '",', 110, 63)
2025-05-31 17:52:53,910 ERROR cssutils PropertyValue: Unknown syntax or no value:  
	"InterVariable", "Inter", -apple-system", "BlinkMacSystemFont",
		"Segoe UI", "Roboto", "Oxygen", "Ubuntu", "Cantarell", "Fira Sans", "Droid Sans",
		"Helvetica Neue", sans-serif
2025-05-31 17:52:53,910 ERROR cssutils CSSStyleDeclaration: Syntax Error in Property: font-family: 
	"InterVariable", "Inter", -apple-system", "BlinkMacSystemFont",
		"Segoe UI", "Roboto", "Oxygen", "Ubuntu", "Cantarell", "Fira Sans", "Droid Sans",
		"Helvetica Neue", sans-serif
2025-05-31 17:52:53,911 WARNING cssutils Property: Unknown Property name. [114:2: -webkit-print-color-adjust]
2025-05-31 17:52:53,921 WARNING cssutils Property: Unknown Property name. [166:2: word-break]
2025-05-31 17:53:27,105 ERROR cssutils Property: Invalid value for "CSS Level 2.1" property: var(--gray-900) [14:3: color]
2025-05-31 17:53:27,112 WARNING cssutils Property: Unknown Property name. [64:2: word-wrap]
2025-05-31 17:53:27,115 WARNING cssutils Property: Unknown Property name. [83:2: columns]
2025-05-31 17:53:27,116 WARNING cssutils Property: Unknown Property name. [90:2: background-size]
2025-05-31 17:53:27,118 WARNING cssutils Property: Unknown Property name. [98:2: object-fit]
2025-05-31 17:53:27,120 ERROR cssutils Invalid token: ('INVALID', '",', 110, 63)
2025-05-31 17:53:27,120 ERROR cssutils PropertyValue: Unknown syntax or no value:  
	"InterVariable", "Inter", -apple-system", "BlinkMacSystemFont",
		"Segoe UI", "Roboto", "Oxygen", "Ubuntu", "Cantarell", "Fira Sans", "Droid Sans",
		"Helvetica Neue", sans-serif
2025-05-31 17:53:27,120 ERROR cssutils CSSStyleDeclaration: Syntax Error in Property: font-family: 
	"InterVariable", "Inter", -apple-system", "BlinkMacSystemFont",
		"Segoe UI", "Roboto", "Oxygen", "Ubuntu", "Cantarell", "Fira Sans", "Droid Sans",
		"Helvetica Neue", sans-serif
2025-05-31 17:53:27,120 WARNING cssutils Property: Unknown Property name. [114:2: -webkit-print-color-adjust]
2025-05-31 17:53:27,128 WARNING cssutils Property: Unknown Property name. [166:2: word-break]
