2025-05-01 16:34:25,544 ERROR frappe New Exception collected in error log
Site: erpnext.localhost
Form Dict: {'item_idx': '1', 'docs': '{"docstatus":0,"doctype":"Request for Quotation","name":"new-request-for-quotation-lnejglebeh","__islocal":1,"__unsaved":1,"owner":"antonio.rajaonarimino@gmail.com","naming_series":"PUR-RFQ-.YYYY.-","company":"IT University","transaction_date":"2025-05-01","status":"Draft","suppliers":[{"docstatus":0,"doctype":"Request for Quotation Supplier","name":"new-request-for-quotation-supplier-zgisoumjlq","__islocal":1,"__unsaved":1,"owner":"antonio.rajaonarimino@gmail.com","quote_status":"Pending","send_email":1,"email_sent":0,"parent":"new-request-for-quotation-lnejglebeh","parentfield":"suppliers","parenttype":"Request for Quotation","idx":1,"supplier_name":"Yas","supplier":"Yas","contact":null,"email_id":null}],"items":[{"docstatus":0,"doctype":"Request for Quotation Item","name":"new-request-for-quotation-item-mbdajdhsqx","__islocal":1,"__unsaved":1,"owner":"antonio.rajaonarimino@gmail.com","schedule_date":"2025-05-01","stock_uom":"Nos","page_break":0,"parent":"new-request-for-quotation-lnejglebeh","parentfield":"items","parenttype":"Request for Quotation","idx":1,"item_code":"EAU001"}],"send_attached_files":1,"send_document_print":0,"message_for_supplier":"<div class=\\"ql-editor read-mode\\"><p><font style=\\"vertical-align: inherit;\\"><font style=\\"vertical-align: inherit;\\">Veuillez fournir les articles spécifiés aux meilleurs tarifs possibles</font></font></p></div>","billing_address":"","billing_address_display":""}', 'method': 'process_item_selection', 'args': '{"item_idx":1}', 'cmd': 'run_doc_method'}
2025-05-01 17:13:45,552 ERROR frappe New Exception collected in error log
Site: erpnext.localhost
Form Dict: {'item_idx': '1', 'docs': '{"docstatus":0,"doctype":"Request for Quotation","name":"new-request-for-quotation-efyuqdpjcg","__islocal":1,"__unsaved":1,"owner":"antonio.rajaonarimino@gmail.com","naming_series":"PUR-RFQ-.YYYY.-","company":"IT University","transaction_date":"2025-05-01","status":"Draft","suppliers":[{"docstatus":0,"doctype":"Request for Quotation Supplier","name":"new-request-for-quotation-supplier-olcacnmwqj","__islocal":1,"__unsaved":1,"owner":"antonio.rajaonarimino@gmail.com","quote_status":"Pending","send_email":1,"email_sent":0,"parent":"new-request-for-quotation-efyuqdpjcg","parentfield":"suppliers","parenttype":"Request for Quotation","idx":1}],"items":[{"docstatus":0,"doctype":"Request for Quotation Item","name":"new-request-for-quotation-item-vmgzqtwbho","__islocal":1,"__unsaved":1,"owner":"antonio.rajaonarimino@gmail.com","schedule_date":"2025-05-01","stock_uom":"Nos","page_break":0,"parent":"new-request-for-quotation-efyuqdpjcg","parentfield":"items","parenttype":"Request for Quotation","idx":1,"item_code":"EAU001"}],"send_attached_files":1,"send_document_print":0,"message_for_supplier":"Please supply the specified items at the best possible rates","billing_address":"","billing_address_display":""}', 'method': 'process_item_selection', 'args': '{"item_idx":1}', 'cmd': 'run_doc_method'}
2025-05-01 20:38:42,654 ERROR frappe New Exception collected in error log
Site: erpnext.localhost
Form Dict: {}
2025-05-01 20:41:21,961 ERROR frappe New Exception collected in error log
Site: erpnext.localhost
Form Dict: {'payment_type': 'Pay', 'party_type': 'Supplier', 'party': 'Yas', 'amount': 2.0, 'reference_no': 'Référence paiement pour ACC-PINV-2025-00002', 'payment_account': 'Cash Account', 'payment_date': '2025-05-01'}
2025-05-02 09:12:00,505 ERROR frappe New Exception collected in error log
Site: erpnext.localhost
Form Dict: {'name': 'Home', 'public': '1', 'new_widgets': '{}', 'blocks': '[{"id":"kb3XPLg8lb","type":"header","data":{"text":"<span class=\\"h4\\"><b>Your Shortcuts</b></span>","col":12}},{"id":"nWd2KJPW8l","type":"shortcut","data":{"shortcut_name":"Item","col":3}},{"id":"snrzfbFr5Y","type":"shortcut","data":{"shortcut_name":"Customer","col":3}},{"id":"SHJKakmLLf","type":"shortcut","data":{"shortcut_name":"Supplier","col":3}},{"id":"CPxEyhaf3G","type":"shortcut","data":{"shortcut_name":"Sales Invoice","col":3}},{"id":"d_KVM1gsf9","type":"spacer","data":{"col":12}},{"id":"JVu8-FJZCu","type":"header","data":{"text":"<span class=\\"h4\\"><b>Reports &amp; Masters</b></span>","col":12}},{"id":"JiuSi0ubOg","type":"card","data":{"card_name":"Accounting","col":4}},{"id":"ji2Jlm3Q8i","type":"card","data":{"card_name":"Stock","col":4}},{"id":"N61oiXpuwK","type":"card","data":{"card_name":"CRM","col":4}},{"id":"6J0CVl1mPo","type":"card","data":{"card_name":"Data Import and Settings","col":4}}]', 'cmd': 'frappe.desk.doctype.workspace.workspace.save_page'}
2025-05-02 10:12:36,167 ERROR frappe New Exception collected in error log
Site: erpnext.localhost
Form Dict: {'item_idx': '1', 'docs': '{"docstatus":0,"doctype":"Request for Quotation","name":"new-request-for-quotation-achqwisviv","__islocal":1,"__unsaved":1,"owner":"antonio.rajaonarimino@gmail.com","naming_series":"PUR-RFQ-.YYYY.-","company":"IT University","transaction_date":"2025-05-02","status":"Draft","suppliers":[{"docstatus":0,"doctype":"Request for Quotation Supplier","name":"new-request-for-quotation-supplier-ulgtfsgzvu","__islocal":1,"__unsaved":1,"owner":"antonio.rajaonarimino@gmail.com","quote_status":"Pending","send_email":1,"email_sent":0,"parent":"new-request-for-quotation-achqwisviv","parentfield":"suppliers","parenttype":"Request for Quotation","idx":1}],"items":[{"docstatus":0,"doctype":"Request for Quotation Item","name":"new-request-for-quotation-item-zrhobtusdq","__islocal":1,"__unsaved":1,"owner":"antonio.rajaonarimino@gmail.com","schedule_date":"2025-05-02","stock_uom":"Nos","page_break":0,"parent":"new-request-for-quotation-achqwisviv","parentfield":"items","parenttype":"Request for Quotation","idx":1,"item_code":"EAU001"}],"send_attached_files":1,"send_document_print":0,"message_for_supplier":"Please supply the specified items at the best possible rates","billing_address":"","billing_address_display":""}', 'method': 'process_item_selection', 'args': '{"item_idx":1}', 'cmd': 'run_doc_method'}
2025-05-02 10:13:31,742 ERROR frappe New Exception collected in error log
Site: erpnext.localhost
Form Dict: {'doctype': 'Item', 'name': 'new-item-dndroghbbj', 'cmd': 'frappe.realtime.has_permission'}
2025-05-02 10:23:16,333 ERROR frappe New Exception collected in error log
Site: erpnext.localhost
Form Dict: {'doctype': 'Purchase Order', 'name': 'new-purchase-order-lyybpxtbae', 'cmd': 'frappe.realtime.has_permission'}
2025-05-02 10:25:46,770 ERROR frappe New Exception collected in error log
Site: erpnext.localhost
Form Dict: {'doctype': 'Supplier Quotation', 'name': 'new-supplier-quotation-lhowfstmmx', 'cmd': 'frappe.realtime.has_permission'}
2025-05-02 10:26:44,564 ERROR frappe New Exception collected in error log
Site: erpnext.localhost
Form Dict: {'doctype': 'Supplier Quotation', 'name': 'new-supplier-quotation-pindnhzszn', 'cmd': 'frappe.realtime.has_permission'}
2025-05-02 10:35:06,761 ERROR frappe New Exception collected in error log
Site: erpnext.localhost
Form Dict: {'doctype': 'Supplier Quotation', 'name': 'new-supplier-quotation-oucztpitmg', 'cmd': 'frappe.realtime.has_permission'}
2025-05-02 11:07:33,544 ERROR frappe New Exception collected in error log
Site: erpnext.localhost
Form Dict: {'fields': ['name', 'supplier_name', 'supplier_type', 'supplier_group', 'creation', 'modified', 'contact_display', 'contact_email', 'contact_mobile'], 'limit_page_length': 20}
2025-05-02 11:30:18,298 ERROR frappe New Exception collected in error log
Site: erpnext.localhost
Form Dict: {'docs': '{"name":"Customize Form","owner":"antonio.rajaonarimino@gmail.com","docstatus":0,"idx":0,"grid_page_length":0,"istable":0,"is_calendar_and_gantt":0,"editable_grid":0,"quick_entry":1,"track_changes":0,"track_views":0,"allow_auto_repeat":0,"allow_import":0,"queue_in_background":0,"naming_rule":"","max_attachments":0,"allow_copy":0,"make_attachments_public":0,"protect_attached_files":0,"show_title_field_in_link":0,"translated_doctype":0,"force_re_route_to_default_view":0,"show_preview_popup":0,"email_append_to":0,"sort_order":"ASC","doctype":"Customize Form","actions":[],"links":[],"states":[],"fields":[],"__last_sync_on":"2025-05-02T08:30:17.029Z","doc_type":"Page"}', 'method': 'fetch_to_customize', 'cmd': 'run_doc_method'}
2025-05-02 11:39:03,327 ERROR frappe New Exception collected in error log
Site: erpnext.localhost
Form Dict: {'new_page': '{"content":"[{\\"type\\":\\"header\\",\\"data\\":{\\"text\\":\\"Reset data\\"}}]","name":"Reset data","label":"Reset data","title":"Reset data","public":1,"for_user":"","icon":"refresh","parent_page":"Data","is_editable":true,"selected":true,"app":"erpnext","type":"Link","link_type":"Page","link_to":"reset-data"}', 'cmd': 'frappe.desk.doctype.workspace.workspace.new_page'}
2025-05-02 11:40:09,158 ERROR frappe New Exception collected in error log
Site: erpnext.localhost
Form Dict: {'new_page': '{"content":"[{\\"type\\":\\"header\\",\\"data\\":{\\"text\\":\\"Reset data\\"}}]","name":"Reset data","label":"Reset data","title":"Reset data","public":1,"for_user":"","icon":"delete-active","parent_page":"Data","is_editable":true,"selected":true,"app":"erpnext","type":"Link","link_type":"Page","link_to":"reset-data"}', 'cmd': 'frappe.desk.doctype.workspace.workspace.new_page'}
2025-05-02 12:00:13,090 ERROR frappe New Exception collected in error log
Site: erpnext.localhost
Form Dict: {'name': 'resetsuccess', 'cmd': 'frappe.desk.desk_page.getpage'}
2025-05-02 12:02:11,374 ERROR frappe New Exception collected in error log
Site: erpnext.localhost
Form Dict: {'name': 'resetsuccess', 'cmd': 'frappe.desk.desk_page.getpage'}
2025-05-02 16:07:35,105 ERROR frappe New Exception collected in error log
Site: erpnext.localhost
Form Dict: {'doc': {'owner': 'Administrator', 'docstatus': 0, 'idx': 0, 'naming_series': 'ACC-PAY-.YYYY.-', 'payment_type': 'Pay', 'payment_order_status': 'Initiated', 'posting_date': '2025-05-02', 'company': 'IT University', 'party_type': 'Supplier', 'party': 'Yas', 'party_name': 'Yas', 'book_advance_payments_in_separate_party_account': 0, 'reconcile_on_advance_payment_date': 0, 'advance_reconciliation_takes_effect_on': 'Oldest Of Invoice Or Advance', 'paid_from': 'Bank Account - ITU', 'paid_from_account_type': 'Bank', 'paid_from_account_currency': 'USD', 'paid_to': '2110 - Creditors - ITU', 'paid_to_account_type': 'Payable', 'paid_to_account_currency': 'USD', 'paid_amount': 2.0, 'paid_amount_after_tax': 0.0, 'source_exchange_rate': 1.0, 'base_paid_amount': 2.0, 'base_paid_amount_after_tax': 0.0, 'received_amount': 2.0, 'received_amount_after_tax': 0.0, 'target_exchange_rate': 1.0, 'base_received_amount': 2.0, 'base_received_amount_after_tax': 0.0, 'total_allocated_amount': 2.0, 'base_total_allocated_amount': 2.0, 'unallocated_amount': 0.0, 'difference_amount': 0.0, 'apply_tax_withholding_amount': 0, 'base_total_taxes_and_charges': 0.0, 'total_taxes_and_charges': 0.0, 'reference_date': '2025-05-02', 'status': 'Draft', 'custom_remarks': 0, 'is_opening': 'No', 'doctype': 'Payment Entry', 'references': [{'docstatus': 0, 'idx': 1, 'reference_doctype': 'Purchase Invoice', 'reference_name': 'ACC-PINV-2025-00002', 'due_date': '2025-05-01', 'payment_term_outstanding': 0.0, 'total_amount': 2.0, 'outstanding_amount': 2.0, 'allocated_amount': 2.0, 'exchange_rate': 1.0, 'exchange_gain_loss': 0.0, 'account': '2110 - Creditors - ITU', 'payment_request_outstanding': 0.0, 'parentfield': 'references', 'parenttype': 'Payment Entry', 'doctype': 'Payment Entry Reference', '__islocal': 1, 'parent': 'new-payment-entry-qxksrrpydn', 'name': 'new-payment-entry-reference-ietpmvfluv'}], 'taxes': [], 'deductions': [], '__islocal': 1, '__unsaved': 1, 'name': 'new-payment-entry-qxksrrpydn', '__last_sync_on': '2025-05-02T05:45:45.900Z', 'reference_no': '0706890'}, 'action': 'Save', 'cmd': 'frappe.desk.form.save.savedocs'}
2025-05-03 17:36:43,732 ERROR frappe New Exception collected in error log
Site: erpnext.localhost
Form Dict: {'filters': '[["supplier","=","Yas"]]', 'fields': '["name", "status", "supplier", "company", "transaction_date", "valid_till", "currency", "total_qty", "total", "grand_total", "supplier_address", "shipping_address", "billing_address"];\n'}
2025-05-03 17:50:49,950 ERROR frappe New Exception collected in error log
Site: erpnext.localhost
Form Dict: {'limit_page_length': 20}
2025-05-04 09:39:13,060 ERROR frappe New Exception collected in error log
Site: erpnext.localhost
Form Dict: {'docstatus': 0, 'idx': 0, 'title': 'Yas', 'naming_series': 'PUR-SQTN-.YYYY.-', 'supplier': 'Yas', 'supplier_name': 'Yas', 'company': 'IT University', 'status': 'Submitted', 'transaction_date': '2025-05-01', 'valid_till': '2025-06-01', 'currency': 'USD', 'conversion_rate': 1.0, 'buying_price_list': 'Standard Buying', 'price_list_currency': 'USD', 'plc_conversion_rate': 1.0, 'ignore_pricing_rule': 0, 'total_qty': 1.0, 'total_net_weight': 0.0, 'base_total': 2.0, 'base_net_total': 2.0, 'total': 2.0, 'net_total': 2.0, 'tax_category': '', 'base_taxes_and_charges_added': 0.0, 'base_taxes_and_charges_deducted': 0.0, 'base_total_taxes_and_charges': 0.0, 'taxes_and_charges_added': 0.0, 'taxes_and_charges_deducted': 0.0, 'total_taxes_and_charges': 0.0, 'apply_discount_on': 'Grand Total', 'base_discount_amount': 0.0, 'additional_discount_percentage': 0.0, 'discount_amount': 0.0, 'base_grand_total': 2.0, 'base_rounding_adjustment': 0.0, 'base_rounded_total': 2.0, 'base_in_words': 'USD Two only.', 'grand_total': 2.0, 'rounding_adjustment': 0.0, 'rounded_total': 2.0, 'in_words': 'USD Two only.', 'disable_rounded_total': 0, 'shipping_address': '', 'shipping_address_display': '', 'billing_address': '', 'billing_address_display': '', 'group_same_items': 0, 'language': 'en', 'is_subcontracted': 0, 'doctype': 'Supplier Quotation', 'items': [{'name': '08m97ci73p', 'owner': 'antonio.rajaonarimino@gmail.com', 'creation': '2025-05-02 10:25:03.014660', 'modified': '2025-05-02 10:25:07.543184', 'modified_by': 'antonio.rajaonarimino@gmail.com', 'docstatus': 1, 'idx': 1, 'item_code': 'EAU001', 'item_name': 'Eau', 'lead_time_days': 0, 'is_free_item': 0, 'description': '<div><p>EAU001</p></div>', 'item_group': 'Consumable', 'image': '', 'qty': 1.0, 'stock_uom': 'Litre', 'uom': 'Litre', 'conversion_factor': 1.0, 'stock_qty': 1.0, 'price_list_rate': 2.0, 'discount_percentage': 0.0, 'discount_amount': 0.0, 'distributed_discount_amount': 0.0, 'base_price_list_rate': 2.0, 'rate': 2.0, 'amount': 2.0, 'base_rate': 2.0, 'base_amount': 2.0, 'net_rate': 2.0, 'net_amount': 2.0, 'base_net_rate': 2.0, 'base_net_amount': 2.0, 'weight_per_unit': 0.0, 'total_weight': 0.0, 'warehouse': 'Stores - ITU', 'request_for_quotation': 'PUR-RFQ-2025-00001', 'request_for_quotation_item': 'd9nh4250cu', 'item_tax_rate': '{}', 'cost_center': 'Main - ITU', 'page_break': 0, 'parent': 'PUR-SQTN-2025-00001', 'parentfield': 'items', 'parenttype': 'Supplier Quotation', 'doctype': 'Supplier Quotation Item'}], 'taxes': [], 'pricing_rules': [], 'amended_from': 'PUR-SQTN-2025-00001'}
2025-05-04 10:01:17,305 ERROR frappe New Exception collected in error log
Site: erpnext.localhost
Form Dict: {'docstatus': 0, 'idx': 0, 'title': 'Yas', 'naming_series': 'PUR-SQTN-.YYYY.-', 'supplier': 'Yas', 'supplier_name': 'Yas', 'company': 'IT University', 'status': 'Submitted', 'transaction_date': '2025-05-01', 'valid_till': '2025-06-01', 'currency': 'USD', 'conversion_rate': 1.0, 'buying_price_list': 'Standard Buying', 'price_list_currency': 'USD', 'plc_conversion_rate': 1.0, 'ignore_pricing_rule': 0, 'total_qty': 1.0, 'total_net_weight': 0.0, 'base_total': 2.0, 'base_net_total': 2.0, 'total': 2.0, 'net_total': 2.0, 'tax_category': '', 'base_taxes_and_charges_added': 0.0, 'base_taxes_and_charges_deducted': 0.0, 'base_total_taxes_and_charges': 0.0, 'taxes_and_charges_added': 0.0, 'taxes_and_charges_deducted': 0.0, 'total_taxes_and_charges': 0.0, 'apply_discount_on': 'Grand Total', 'base_discount_amount': 0.0, 'additional_discount_percentage': 0.0, 'discount_amount': 0.0, 'base_grand_total': 2.0, 'base_rounding_adjustment': 0.0, 'base_rounded_total': 2.0, 'base_in_words': 'USD Two only.', 'grand_total': 2.0, 'rounding_adjustment': 0.0, 'rounded_total': 2.0, 'in_words': 'USD Two only.', 'disable_rounded_total': 0, 'shipping_address': '', 'shipping_address_display': '', 'billing_address': '', 'billing_address_display': '', 'group_same_items': 0, 'language': 'en', 'is_subcontracted': 0, 'doctype': 'Supplier Quotation', 'items': [{'name': '08m97ci73p', 'owner': 'antonio.rajaonarimino@gmail.com', 'creation': '2025-05-02 10:25:03.014660', 'modified': '2025-05-02 10:25:07.543184', 'modified_by': 'antonio.rajaonarimino@gmail.com', 'docstatus': 1, 'idx': 1, 'item_code': 'EAU001', 'item_name': 'Eau', 'lead_time_days': 0, 'is_free_item': 0, 'description': '<div><p>EAU001</p></div>', 'item_group': 'Consumable', 'image': '', 'qty': 1.0, 'stock_uom': 'Litre', 'uom': 'Litre', 'conversion_factor': 1.0, 'stock_qty': 1.0, 'price_list_rate': 2.0, 'discount_percentage': 0.0, 'discount_amount': 0.0, 'distributed_discount_amount': 0.0, 'base_price_list_rate': 2.0, 'rate': 2.0, 'amount': 2.0, 'base_rate': 2.0, 'base_amount': 2.0, 'net_rate': 2.0, 'net_amount': 2.0, 'base_net_rate': 2.0, 'base_net_amount': 2.0, 'weight_per_unit': 0.0, 'total_weight': 0.0, 'warehouse': 'Stores - ITU', 'request_for_quotation': 'PUR-RFQ-2025-00001', 'request_for_quotation_item': 'd9nh4250cu', 'item_tax_rate': '{}', 'cost_center': 'Main - ITU', 'page_break': 0, 'parent': 'PUR-SQTN-2025-00001', 'parentfield': 'items', 'parenttype': 'Supplier Quotation', 'doctype': 'Supplier Quotation Item'}], 'taxes': [], 'pricing_rules': [], 'amended_from': 'PUR-SQTN-2025-00001'}
2025-05-04 10:04:46,956 ERROR frappe New Exception collected in error log
Site: erpnext.localhost
Form Dict: {'docstatus': 0, 'idx': 0, 'title': 'Yas', 'naming_series': 'PUR-SQTN-.YYYY.-', 'supplier': 'Yas', 'supplier_name': 'Yas', 'company': 'IT University', 'status': 'Submitted', 'transaction_date': '2025-05-01', 'valid_till': '2025-06-01', 'currency': 'USD', 'conversion_rate': 1.0, 'buying_price_list': 'Standard Buying', 'price_list_currency': 'USD', 'plc_conversion_rate': 1.0, 'ignore_pricing_rule': 0, 'total_qty': 1.0, 'total_net_weight': 0.0, 'base_total': 2.0, 'base_net_total': 2.0, 'total': 2.0, 'net_total': 2.0, 'tax_category': '', 'base_taxes_and_charges_added': 0.0, 'base_taxes_and_charges_deducted': 0.0, 'base_total_taxes_and_charges': 0.0, 'taxes_and_charges_added': 0.0, 'taxes_and_charges_deducted': 0.0, 'total_taxes_and_charges': 0.0, 'apply_discount_on': 'Grand Total', 'base_discount_amount': 0.0, 'additional_discount_percentage': 0.0, 'discount_amount': 0.0, 'base_grand_total': 2.0, 'base_rounding_adjustment': 0.0, 'base_rounded_total': 2.0, 'base_in_words': 'USD Two only.', 'grand_total': 2.0, 'rounding_adjustment': 0.0, 'rounded_total': 2.0, 'in_words': 'USD Two only.', 'disable_rounded_total': 0, 'shipping_address': '', 'shipping_address_display': '', 'billing_address': '', 'billing_address_display': '', 'group_same_items': 0, 'language': 'en', 'is_subcontracted': 0, 'doctype': 'Supplier Quotation', 'items': [{'name': '08m97ci73p', 'owner': 'antonio.rajaonarimino@gmail.com', 'creation': '2025-05-02 10:25:03.014660', 'modified': '2025-05-02 10:25:07.543184', 'modified_by': 'antonio.rajaonarimino@gmail.com', 'docstatus': 1, 'idx': 1, 'item_code': 'EAU001', 'item_name': 'Eau', 'lead_time_days': 0, 'is_free_item': 0, 'description': '<div><p>EAU001</p></div>', 'item_group': 'Consumable', 'image': '', 'qty': 1.0, 'stock_uom': 'Litre', 'uom': 'Litre', 'conversion_factor': 1.0, 'stock_qty': 1.0, 'price_list_rate': 2.0, 'discount_percentage': 0.0, 'discount_amount': 0.0, 'distributed_discount_amount': 0.0, 'base_price_list_rate': 2.0, 'rate': 2.0, 'amount': 2.0, 'base_rate': 2.0, 'base_amount': 2.0, 'net_rate': 2.0, 'net_amount': 2.0, 'base_net_rate': 2.0, 'base_net_amount': 2.0, 'weight_per_unit': 0.0, 'total_weight': 0.0, 'warehouse': 'Stores - ITU', 'request_for_quotation': 'PUR-RFQ-2025-00001', 'request_for_quotation_item': 'd9nh4250cu', 'item_tax_rate': '{}', 'cost_center': 'Main - ITU', 'page_break': 0, 'parent': 'PUR-SQTN-2025-00001', 'parentfield': 'items', 'parenttype': 'Supplier Quotation', 'doctype': 'Supplier Quotation Item'}], 'taxes': [], 'pricing_rules': [], 'amended_from': 'PUR-SQTN-2025-00001'}
2025-05-04 10:25:03,695 ERROR frappe New Exception collected in error log
Site: erpnext.localhost
Form Dict: {'amended_from': 'PUR-SQTN-2025-00002-1', 'doctype': 'Supplier Quotation'}
2025-05-04 10:26:43,424 ERROR frappe New Exception collected in error log
Site: erpnext.localhost
Form Dict: {'amended_from': 'PUR-SQTN-2025-00001', 'doctype': 'Supplier Quotation'}
2025-05-04 10:39:28,112 ERROR frappe New Exception collected in error log
Site: erpnext.localhost
Form Dict: {'item_idx': '1', 'docs': '{"docstatus":0,"doctype":"Supplier Quotation","name":"new-supplier-quotation-etqqirfdxn","__islocal":1,"__unsaved":1,"owner":"Administrator","naming_series":"PUR-SQTN-.YYYY.-","company":"IT University","status":"Draft","transaction_date":"2025-05-04","currency":"USD","buying_price_list":"Standard Buying","price_list_currency":"USD","ignore_pricing_rule":0,"items":[{"docstatus":0,"doctype":"Supplier Quotation Item","name":"new-supplier-quotation-item-cgmuqdhtnm","__islocal":1,"__unsaved":1,"owner":"Administrator","is_free_item":0,"stock_uom":"Nos","page_break":0,"parent":"new-supplier-quotation-etqqirfdxn","parentfield":"items","parenttype":"Supplier Quotation","idx":1,"qty":5,"conversion_factor":0,"stock_qty":0,"price_list_rate":0,"discount_amount":0,"distributed_discount_amount":0,"base_price_list_rate":0,"rate":0,"amount":0,"base_rate":0,"base_amount":0,"net_rate":0,"net_amount":0,"base_net_rate":0,"base_net_amount":0,"weight_per_unit":0,"total_weight":0,"item_code":"EAU001"}],"taxes":[],"apply_discount_on":"Grand Total","disable_rounded_total":0,"pricing_rules":[],"group_same_items":0,"is_subcontracted":0,"valid_till":"2025-06-04","conversion_rate":1,"plc_conversion_rate":1,"billing_address":"","shipping_address":"","billing_address_display":"","shipping_address_display":"","base_net_total":0,"net_total":0,"base_total":0,"total":0,"total_qty":5,"grand_total":0,"taxes_and_charges_deducted":0,"taxes_and_charges_added":0,"base_grand_total":0,"base_taxes_and_charges_added":0,"base_taxes_and_charges_deducted":0,"total_taxes_and_charges":0,"base_total_taxes_and_charges":0,"rounded_total":0,"rounding_adjustment":0,"base_rounding_adjustment":0,"base_rounded_total":0,"in_words":"","base_in_words":"","base_discount_amount":0,"supplier_name":"Yas","supplier":"Yas","supplier_address":null,"address_display":null,"tax_category":"","contact_person":null,"contact_display":null,"contact_email":null,"contact_mobile":null,"language":"en","total_net_weight":0}', 'method': 'process_item_selection', 'args': '{"item_idx":1}', 'cmd': 'run_doc_method'}
2025-05-04 10:40:07,657 ERROR frappe New Exception collected in error log
Site: erpnext.localhost
Form Dict: {'item_idx': '1', 'docs': '{"docstatus":0,"doctype":"Supplier Quotation","name":"new-supplier-quotation-vtoqmzqqyp","__islocal":1,"__unsaved":1,"owner":"Administrator","naming_series":"PUR-SQTN-.YYYY.-","company":"IT University","status":"Draft","transaction_date":"2025-05-04","currency":"USD","buying_price_list":"Standard Buying","price_list_currency":"USD","ignore_pricing_rule":0,"items":[{"docstatus":0,"doctype":"Supplier Quotation Item","name":"new-supplier-quotation-item-pabtvwkhwy","__islocal":1,"__unsaved":1,"owner":"Administrator","is_free_item":0,"stock_uom":"Nos","page_break":0,"parent":"new-supplier-quotation-vtoqmzqqyp","parentfield":"items","parenttype":"Supplier Quotation","idx":1,"qty":0,"conversion_factor":0,"stock_qty":0,"price_list_rate":0,"discount_amount":0,"distributed_discount_amount":0,"base_price_list_rate":0,"rate":0,"amount":0,"base_rate":0,"base_amount":0,"net_rate":0,"net_amount":0,"base_net_rate":0,"base_net_amount":0,"weight_per_unit":0,"total_weight":0,"item_code":"EAU001"}],"taxes":[],"apply_discount_on":"Grand Total","disable_rounded_total":0,"pricing_rules":[],"group_same_items":0,"is_subcontracted":0,"valid_till":"2025-06-04","conversion_rate":1,"plc_conversion_rate":1,"billing_address":"","shipping_address":"","billing_address_display":"","shipping_address_display":"","base_net_total":0,"net_total":0,"base_total":0,"total":0,"total_qty":0,"grand_total":0,"taxes_and_charges_deducted":0,"taxes_and_charges_added":0,"base_grand_total":0,"base_taxes_and_charges_added":0,"base_taxes_and_charges_deducted":0,"total_taxes_and_charges":0,"base_total_taxes_and_charges":0,"rounded_total":0,"rounding_adjustment":0,"base_rounding_adjustment":0,"base_rounded_total":0,"in_words":"","base_in_words":"","base_discount_amount":0,"supplier_name":"Yas","supplier":"Yas","supplier_address":null,"address_display":null,"tax_category":"","contact_person":null,"contact_display":null,"contact_email":null,"contact_mobile":null,"language":"en"}', 'method': 'process_item_selection', 'args': '{"item_idx":1}', 'cmd': 'run_doc_method'}
2025-05-04 10:40:39,426 ERROR frappe New Exception collected in error log
Site: erpnext.localhost
Form Dict: {'name': 'PUR-SQTN-2025-00001', 'doctype': 'Supplier Quotation', 'cmd': 'frappe.model.workflow.cancel_doc'}
2025-05-04 10:42:40,496 ERROR frappe New Exception collected in error log
Site: erpnext.localhost
Form Dict: {'name': 'PUR-SQTN-2025-00001-1', 'doctype': 'Supplier Quotation', 'cmd': 'frappe.model.workflow.submit_doc'}
2025-05-04 10:46:09,499 ERROR frappe New Exception collected in error log
Site: erpnext.localhost
Form Dict: {'item_idx': '1', 'docs': '{"docstatus":0,"doctype":"Supplier Quotation","name":"new-supplier-quotation-vhylgaqfuw","__islocal":1,"__unsaved":1,"owner":"Administrator","naming_series":"PUR-SQTN-.YYYY.-","company":"IT University","status":"Draft","transaction_date":"2025-05-04","currency":"USD","buying_price_list":"Standard Buying","price_list_currency":"USD","ignore_pricing_rule":0,"items":[{"docstatus":0,"doctype":"Supplier Quotation Item","name":"new-supplier-quotation-item-vpestpebqr","__islocal":1,"__unsaved":1,"owner":"Administrator","is_free_item":0,"stock_uom":"Nos","page_break":0,"parent":"new-supplier-quotation-vhylgaqfuw","parentfield":"items","parenttype":"Supplier Quotation","idx":1,"qty":0,"conversion_factor":0,"stock_qty":0,"price_list_rate":0,"discount_amount":0,"distributed_discount_amount":0,"base_price_list_rate":0,"rate":0,"amount":0,"base_rate":0,"base_amount":0,"net_rate":0,"net_amount":0,"base_net_rate":0,"base_net_amount":0,"weight_per_unit":0,"total_weight":0,"item_code":"EAU001"}],"taxes":[],"apply_discount_on":"Grand Total","disable_rounded_total":0,"pricing_rules":[],"group_same_items":0,"is_subcontracted":0,"valid_till":"2025-06-04","conversion_rate":1,"plc_conversion_rate":1,"billing_address":"","shipping_address":"","billing_address_display":"","shipping_address_display":"","base_net_total":0,"net_total":0,"base_total":0,"total":0,"total_qty":0,"grand_total":0,"taxes_and_charges_deducted":0,"taxes_and_charges_added":0,"base_grand_total":0,"base_taxes_and_charges_added":0,"base_taxes_and_charges_deducted":0,"total_taxes_and_charges":0,"base_total_taxes_and_charges":0,"rounded_total":0,"rounding_adjustment":0,"base_rounding_adjustment":0,"base_rounded_total":0,"in_words":"","base_in_words":"","base_discount_amount":0}', 'method': 'process_item_selection', 'args': '{"item_idx":1}', 'cmd': 'run_doc_method'}
2025-05-04 10:46:45,051 ERROR frappe New Exception collected in error log
Site: erpnext.localhost
Form Dict: {'name': 'PUR-SQTN-2025-00003-1', 'doctype': 'Supplier Quotation', 'cmd': 'frappe.client.submit'}
2025-05-04 10:54:23,124 ERROR frappe New Exception collected in error log
Site: erpnext.localhost
Form Dict: {'doctype': 'Supplier Quotation', 'amended_from': 'PUR-SQTN-2025-00003-1'}
2025-05-04 10:56:06,794 ERROR frappe New Exception collected in error log
Site: erpnext.localhost
Form Dict: {'amended_from': 'PUR-SQTN-2025-00002', 'doctype': 'Supplier Quotation'}
2025-05-04 10:57:25,532 ERROR frappe New Exception collected in error log
Site: erpnext.localhost
Form Dict: {'rate': 4.0}
2025-05-04 11:00:22,055 ERROR frappe New Exception collected in error log
Site: erpnext.localhost
Form Dict: {'rate': 6.0}
2025-05-04 11:01:29,560 ERROR frappe New Exception collected in error log
Site: erpnext.localhost
Form Dict: {}
2025-05-04 11:01:36,392 ERROR frappe New Exception collected in error log
Site: erpnext.localhost
Form Dict: {}
2025-05-04 11:02:33,506 ERROR frappe New Exception collected in error log
Site: erpnext.localhost
Form Dict: {'limit_page_length': 20}
2025-05-04 11:09:56,007 ERROR frappe New Exception collected in error log
Site: erpnext.localhost
Form Dict: {'rate': 3.0}
2025-05-04 11:12:23,093 ERROR frappe New Exception collected in error log
Site: erpnext.localhost
Form Dict: {'rate': 4.0}
2025-05-04 11:13:26,602 ERROR frappe New Exception collected in error log
Site: erpnext.localhost
Form Dict: {'item_idx': '1', 'docs': '{"docstatus":0,"doctype":"Supplier Quotation","name":"new-supplier-quotation-xuvbafmmhl","__islocal":1,"__unsaved":1,"owner":"Administrator","naming_series":"PUR-SQTN-.YYYY.-","company":"IT University","status":"Draft","transaction_date":"2025-05-04","currency":"USD","buying_price_list":"Standard Buying","price_list_currency":"USD","ignore_pricing_rule":0,"items":[{"docstatus":0,"doctype":"Supplier Quotation Item","name":"new-supplier-quotation-item-qggaqpuxqd","__islocal":1,"__unsaved":1,"owner":"Administrator","is_free_item":0,"stock_uom":"Nos","page_break":0,"parent":"new-supplier-quotation-xuvbafmmhl","parentfield":"items","parenttype":"Supplier Quotation","idx":1,"qty":0,"conversion_factor":0,"stock_qty":0,"price_list_rate":0,"discount_amount":0,"distributed_discount_amount":0,"base_price_list_rate":0,"rate":0,"amount":0,"base_rate":0,"base_amount":0,"net_rate":0,"net_amount":0,"base_net_rate":0,"base_net_amount":0,"weight_per_unit":0,"total_weight":0,"item_code":"EAU001"}],"taxes":[],"apply_discount_on":"Grand Total","disable_rounded_total":0,"pricing_rules":[],"group_same_items":0,"is_subcontracted":0,"valid_till":"2025-06-04","conversion_rate":1,"plc_conversion_rate":1,"billing_address":"","shipping_address":"","billing_address_display":"","shipping_address_display":"","base_net_total":0,"net_total":0,"base_total":0,"total":0,"total_qty":0,"grand_total":0,"taxes_and_charges_deducted":0,"taxes_and_charges_added":0,"base_grand_total":0,"base_taxes_and_charges_added":0,"base_taxes_and_charges_deducted":0,"total_taxes_and_charges":0,"base_total_taxes_and_charges":0,"rounded_total":0,"rounding_adjustment":0,"base_rounding_adjustment":0,"base_rounded_total":0,"in_words":"","base_in_words":"","base_discount_amount":0,"supplier_name":"Yas","supplier":"Yas","supplier_address":null,"address_display":null,"tax_category":"","contact_person":null,"contact_display":null,"contact_email":null,"contact_mobile":null,"language":"en"}', 'method': 'process_item_selection', 'args': '{"item_idx":1}', 'cmd': 'run_doc_method'}
2025-05-04 11:13:54,323 ERROR frappe New Exception collected in error log
Site: erpnext.localhost
Form Dict: {'rate': 1.0}
2025-05-04 11:15:04,068 ERROR frappe New Exception collected in error log
Site: erpnext.localhost
Form Dict: {'item_idx': '1', 'docs': '{"docstatus":0,"doctype":"Supplier Quotation","name":"new-supplier-quotation-hncnpyrkqw","__islocal":1,"__unsaved":1,"owner":"Administrator","naming_series":"PUR-SQTN-.YYYY.-","company":"IT University","status":"Draft","transaction_date":"2025-05-04","currency":"USD","buying_price_list":"Standard Buying","price_list_currency":"USD","ignore_pricing_rule":0,"items":[{"docstatus":0,"doctype":"Supplier Quotation Item","name":"new-supplier-quotation-item-zepptvfkkv","__islocal":1,"__unsaved":1,"owner":"Administrator","is_free_item":0,"stock_uom":"Nos","page_break":0,"parent":"new-supplier-quotation-hncnpyrkqw","parentfield":"items","parenttype":"Supplier Quotation","idx":1,"qty":0,"conversion_factor":0,"stock_qty":0,"price_list_rate":0,"discount_amount":0,"distributed_discount_amount":0,"base_price_list_rate":0,"rate":0,"amount":0,"base_rate":0,"base_amount":0,"net_rate":0,"net_amount":0,"base_net_rate":0,"base_net_amount":0,"weight_per_unit":0,"total_weight":0,"item_code":"EAU001"}],"taxes":[],"apply_discount_on":"Grand Total","disable_rounded_total":0,"pricing_rules":[],"group_same_items":0,"is_subcontracted":0,"valid_till":"2025-06-04","conversion_rate":1,"plc_conversion_rate":1,"billing_address":"","shipping_address":"","billing_address_display":"","shipping_address_display":"","base_net_total":0,"net_total":0,"base_total":0,"total":0,"total_qty":0,"grand_total":0,"taxes_and_charges_deducted":0,"taxes_and_charges_added":0,"base_grand_total":0,"base_taxes_and_charges_added":0,"base_taxes_and_charges_deducted":0,"total_taxes_and_charges":0,"base_total_taxes_and_charges":0,"rounded_total":0,"rounding_adjustment":0,"base_rounding_adjustment":0,"base_rounded_total":0,"in_words":"","base_in_words":"","base_discount_amount":0,"supplier_name":"Yas","supplier":"Yas","supplier_address":null,"address_display":null,"tax_category":"","contact_person":null,"contact_display":null,"contact_email":null,"contact_mobile":null,"language":"en"}', 'method': 'process_item_selection', 'args': '{"item_idx":1}', 'cmd': 'run_doc_method'}
2025-05-04 11:16:04,687 ERROR frappe New Exception collected in error log
Site: erpnext.localhost
Form Dict: {'item_idx': '1', 'docs': '{"docstatus":0,"doctype":"Supplier Quotation","name":"new-supplier-quotation-rjdrzzynkg","__islocal":1,"__unsaved":1,"owner":"Administrator","naming_series":"PUR-SQTN-.YYYY.-","company":"IT University","status":"Draft","transaction_date":"2025-05-04","currency":"USD","buying_price_list":"Standard Buying","price_list_currency":"USD","ignore_pricing_rule":0,"items":[{"docstatus":0,"doctype":"Supplier Quotation Item","name":"new-supplier-quotation-item-mokyzwvrtb","__islocal":1,"__unsaved":1,"owner":"Administrator","is_free_item":0,"stock_uom":"Nos","page_break":0,"parent":"new-supplier-quotation-rjdrzzynkg","parentfield":"items","parenttype":"Supplier Quotation","idx":1,"qty":0,"conversion_factor":0,"stock_qty":0,"price_list_rate":0,"discount_amount":0,"distributed_discount_amount":0,"base_price_list_rate":0,"rate":0,"amount":0,"base_rate":0,"base_amount":0,"net_rate":0,"net_amount":0,"base_net_rate":0,"base_net_amount":0,"weight_per_unit":0,"total_weight":0,"item_code":"EAU001"}],"taxes":[],"apply_discount_on":"Grand Total","disable_rounded_total":0,"pricing_rules":[],"group_same_items":0,"is_subcontracted":0,"valid_till":"2025-06-04","conversion_rate":1,"plc_conversion_rate":1,"billing_address":"","shipping_address":"","billing_address_display":"","shipping_address_display":"","base_net_total":0,"net_total":0,"base_total":0,"total":0,"total_qty":0,"grand_total":0,"taxes_and_charges_deducted":0,"taxes_and_charges_added":0,"base_grand_total":0,"base_taxes_and_charges_added":0,"base_taxes_and_charges_deducted":0,"total_taxes_and_charges":0,"base_total_taxes_and_charges":0,"rounded_total":0,"rounding_adjustment":0,"base_rounding_adjustment":0,"base_rounded_total":0,"in_words":"","base_in_words":"","base_discount_amount":0,"supplier_name":"Yas","supplier":"Yas","supplier_address":null,"address_display":null,"tax_category":"","contact_person":null,"contact_display":null,"contact_email":null,"contact_mobile":null,"language":"en"}', 'method': 'process_item_selection', 'args': '{"item_idx":1}', 'cmd': 'run_doc_method'}
2025-05-04 11:16:51,420 ERROR frappe New Exception collected in error log
Site: erpnext.localhost
Form Dict: {'item_idx': '2', 'docs': '{"name":"PUR-SQTN-2025-00003","owner":"Administrator","creation":"2025-05-04 11:16:16.846055","modified":"2025-05-04 11:16:29.714213","modified_by":"Administrator","docstatus":0,"idx":0,"title":"Yas","naming_series":"PUR-SQTN-.YYYY.-","supplier":"Yas","supplier_name":"Yas","company":"IT University","status":"Draft","transaction_date":"2025-05-04","valid_till":"2025-06-04","currency":"USD","conversion_rate":1,"buying_price_list":"Standard Buying","price_list_currency":"USD","plc_conversion_rate":1,"ignore_pricing_rule":0,"total_qty":2,"total_net_weight":0,"base_total":2,"base_net_total":2,"total":2,"net_total":2,"tax_category":"","base_taxes_and_charges_added":0,"base_taxes_and_charges_deducted":0,"base_total_taxes_and_charges":0,"taxes_and_charges_added":0,"taxes_and_charges_deducted":0,"total_taxes_and_charges":0,"apply_discount_on":"Grand Total","base_discount_amount":0,"additional_discount_percentage":0,"discount_amount":0,"base_grand_total":2,"base_rounding_adjustment":0,"base_rounded_total":2,"base_in_words":"USD Two only.","grand_total":2,"rounding_adjustment":0,"rounded_total":2,"in_words":"USD Two only.","disable_rounded_total":0,"shipping_address":"","shipping_address_display":"","billing_address":"","billing_address_display":"","group_same_items":0,"language":"en","is_subcontracted":0,"doctype":"Supplier Quotation","items":[{"name":"lp87242giu","owner":"Administrator","creation":"2025-05-04 11:16:16.846055","modified":"2025-05-04 11:16:29.714213","modified_by":"Administrator","docstatus":0,"idx":1,"item_code":"EAU001","item_name":"Eau","lead_time_days":0,"is_free_item":0,"description":"<div><p>EAU001</p></div>","item_group":"Consumable","image":"","qty":2,"stock_uom":"Litre","uom":"Acre","conversion_factor":1,"stock_qty":2,"price_list_rate":0,"discount_percentage":0,"discount_amount":0,"distributed_discount_amount":0,"base_price_list_rate":0,"rate":1,"amount":2,"base_rate":1,"base_amount":2,"pricing_rules":"","net_rate":1,"net_amount":2,"base_net_rate":1,"base_net_amount":2,"weight_per_unit":0,"total_weight":0,"warehouse":"Stores - ITU","item_tax_rate":"{}","cost_center":"Main - ITU","page_break":0,"parent":"PUR-SQTN-2025-00003","parentfield":"items","parenttype":"Supplier Quotation","doctype":"Supplier Quotation Item"},{"docstatus":0,"doctype":"Supplier Quotation Item","name":"new-supplier-quotation-item-rzrvzlwjkp","__islocal":1,"__unsaved":1,"owner":"Administrator","is_free_item":0,"stock_uom":"Nos","page_break":0,"parent":"PUR-SQTN-2025-00003","parentfield":"items","parenttype":"Supplier Quotation","idx":2,"__unedited":false,"cost_center":"Main - ITU","item_code":"EAU001"}],"taxes":[],"pricing_rules":[],"__onload":{"make_payment_via_journal_entry":0,"backflush_based_on":"BOM"},"__last_sync_on":"2025-05-04T08:16:30.816Z","__unsaved":1}', 'method': 'process_item_selection', 'args': '{"item_idx":2}', 'cmd': 'run_doc_method'}
